2026-04-28 19:40:52,853 INFO o.a.j.u.JMeterUtils: Setting Locale to en_EN
2026-04-28 19:40:52,867 INFO o.a.j.JMeter: Loading user properties from: /opt/homebrew/Cellar/jmeter/5.6.3/libexec/bin/user.properties
2026-04-28 19:40:52,867 INFO o.a.j.JMeter: Loading system properties from: /opt/homebrew/Cellar/jmeter/5.6.3/libexec/bin/system.properties
2026-04-28 19:40:52,870 INFO o.a.j.JMeter: Copyright (c) 1998-2024 The Apache Software Foundation
2026-04-28 19:40:52,870 INFO o.a.j.JMeter: Version 5.6.3
2026-04-28 19:40:52,870 INFO o.a.j.JMeter: java.version=21.0.11
2026-04-28 19:40:52,870 INFO o.a.j.JMeter: java.vm.name=OpenJDK 64-Bit Server VM
2026-04-28 19:40:52,870 INFO o.a.j.JMeter: os.name=Mac OS X
2026-04-28 19:40:52,870 INFO o.a.j.JMeter: os.arch=aarch64
2026-04-28 19:40:52,870 INFO o.a.j.JMeter: os.version=15.7.1
2026-04-28 19:40:52,870 INFO o.a.j.JMeter: file.encoding=UTF-8
2026-04-28 19:40:52,870 INFO o.a.j.JMeter: java.awt.headless=true
2026-04-28 19:40:52,870 INFO o.a.j.JMeter: Max memory     =1073741824
2026-04-28 19:40:52,870 INFO o.a.j.JMeter: Available Processors =10
2026-04-28 19:40:52,876 INFO o.a.j.JMeter: Default Locale=English (EN)
2026-04-28 19:40:52,876 INFO o.a.j.JMeter: JMeter  Locale=English (EN)
2026-04-28 19:40:52,876 INFO o.a.j.JMeter: JMeterHome=/opt/homebrew/Cellar/jmeter/5.6.3/libexec
2026-04-28 19:40:52,876 INFO o.a.j.JMeter: user.dir  =/Users/gung/Documents/UICompsci/ADPRO/advprog-modul7/exercise-profiling
2026-04-28 19:40:52,877 INFO o.a.j.JMeter: PWD       =/Users/gung/Documents/UICompsci/ADPRO/advprog-modul7/exercise-profiling
2026-04-28 19:40:52,878 INFO o.a.j.JMeter: IP: 127.0.0.1 Name: Gungs-MacBook-Pro-4.local FullName: localhost
2026-04-28 19:40:52,885 INFO o.a.j.s.FileServer: Default base='/Users/gung/Documents/UICompsci/ADPRO/advprog-modul7/exercise-profiling'
2026-04-28 19:40:52,886 INFO o.a.j.s.FileServer: Set new base='/Users/gung/Documents/UICompsci/ADPRO/advprog-modul7/exercise-profiling'
2026-04-28 19:40:52,996 INFO o.a.j.s.SaveService: Testplan (JMX) version: 2.2. Testlog (JTL) version: 2.2
2026-04-28 19:40:53,016 INFO o.a.j.s.SaveService: Using SaveService properties version 5.0
2026-04-28 19:40:53,018 INFO o.a.j.s.SaveService: Using SaveService properties file encoding UTF-8
2026-04-28 19:40:53,021 INFO o.a.j.s.SaveService: Loading file: test_plan_3.jmx
2026-04-28 19:40:53,055 INFO o.a.j.p.h.s.HTTPSamplerBase: Parser for text/html is org.apache.jmeter.protocol.http.parser.LagartoBasedHtmlParser
2026-04-28 19:40:53,055 INFO o.a.j.p.h.s.HTTPSamplerBase: Parser for application/xhtml+xml is org.apache.jmeter.protocol.http.parser.LagartoBasedHtmlParser
2026-04-28 19:40:53,055 INFO o.a.j.p.h.s.HTTPSamplerBase: Parser for application/xml is org.apache.jmeter.protocol.http.parser.LagartoBasedHtmlParser
2026-04-28 19:40:53,055 INFO o.a.j.p.h.s.HTTPSamplerBase: Parser for text/xml is org.apache.jmeter.protocol.http.parser.LagartoBasedHtmlParser
2026-04-28 19:40:53,055 INFO o.a.j.p.h.s.HTTPSamplerBase: Parser for text/vnd.wap.wml is org.apache.jmeter.protocol.http.parser.RegexpHTMLParser
2026-04-28 19:40:53,055 INFO o.a.j.p.h.s.HTTPSamplerBase: Parser for text/css is org.apache.jmeter.protocol.http.parser.CssParser
2026-04-28 19:40:53,073 INFO o.a.j.JMeter: Creating summariser <summary>
2026-04-28 19:40:53,081 INFO o.a.j.e.StandardJMeterEngine: Running the test!
2026-04-28 19:40:53,081 INFO o.a.j.s.SampleEvent: List of sample_variables: []
2026-04-28 19:40:53,081 INFO o.a.j.s.SampleEvent: List of sample_variables: []
2026-04-28 19:40:53,084 INFO o.a.j.e.u.CompoundVariable: Note: Function class names must contain the string: '.functions.'
2026-04-28 19:40:53,084 INFO o.a.j.e.u.CompoundVariable: Note: Function class names must not contain the string: '.gui.'
2026-04-28 19:40:53,122 INFO o.a.j.r.ClassFinder: Will scan jar /opt/homebrew/Cellar/jmeter/5.6.3/libexec/lib/ext/jmeter-plugins-manager-1.9.jar with filter ExtendsClassFilter [parents=[interface org.apache.jmeter.functions.Function], inner=false, contains=null, notContains=null]. Consider exposing JMeter plugins via META-INF/services, and add JMeter-Skip-Class-Scanning=true manifest attribute so JMeter can skip classfile scanning
2026-04-28 19:40:53,183 INFO o.a.j.JMeter: Running test (1777380053183)
2026-04-28 19:40:53,194 INFO o.a.j.e.StandardJMeterEngine: Starting ThreadGroup: 1 : Thread Group
2026-04-28 19:40:53,194 INFO o.a.j.e.StandardJMeterEngine: Starting 10 threads for group Thread Group.
2026-04-28 19:40:53,194 INFO o.a.j.e.StandardJMeterEngine: Thread will continue on error
2026-04-28 19:40:53,194 INFO o.a.j.t.ThreadGroup: Starting thread group... number=1 threads=10 ramp-up=1 delayedStart=false
2026-04-28 19:40:53,198 INFO o.a.j.t.JMeterThread: Thread started: Thread Group 1-1
2026-04-28 19:40:53,198 INFO o.a.j.t.ThreadGroup: Started thread group number 1
2026-04-28 19:40:53,199 INFO o.a.j.e.StandardJMeterEngine: All thread groups have been started
2026-04-28 19:40:53,207 INFO o.a.j.p.h.s.HTTPHCAbstractImpl: Local host = Gungs-MacBook-Pro-4.local
2026-04-28 19:40:53,210 INFO o.a.j.p.h.s.HTTPHC4Impl: HTTP request retry count = 0
2026-04-28 19:40:53,211 INFO o.a.j.s.SampleResult: Note: Sample TimeStamps are START times
2026-04-28 19:40:53,211 INFO o.a.j.s.SampleResult: sampleresult.default.encoding is set to UTF-8
2026-04-28 19:40:53,211 INFO o.a.j.s.SampleResult: sampleresult.useNanoTime=true
2026-04-28 19:40:53,211 INFO o.a.j.s.SampleResult: sampleresult.nanoThreadSleep=5000
2026-04-28 19:40:53,296 INFO o.a.j.t.JMeterThread: Thread started: Thread Group 1-2
2026-04-28 19:40:53,345 INFO o.a.j.t.JMeterThread: Thread is done: Thread Group 1-1
2026-04-28 19:40:53,345 INFO o.a.j.t.JMeterThread: Thread finished: Thread Group 1-1
2026-04-28 19:40:53,377 INFO o.a.j.t.JMeterThread: Thread is done: Thread Group 1-2
2026-04-28 19:40:53,380 INFO o.a.j.t.JMeterThread: Thread finished: Thread Group 1-2
2026-04-28 19:40:53,399 INFO o.a.j.t.JMeterThread: Thread started: Thread Group 1-3
2026-04-28 19:40:53,482 INFO o.a.j.t.JMeterThread: Thread is done: Thread Group 1-3
2026-04-28 19:40:53,482 INFO o.a.j.t.JMeterThread: Thread finished: Thread Group 1-3
2026-04-28 19:40:53,500 INFO o.a.j.t.JMeterThread: Thread started: Thread Group 1-4
2026-04-28 19:40:53,578 INFO o.a.j.t.JMeterThread: Thread is done: Thread Group 1-4
2026-04-28 19:40:53,578 INFO o.a.j.t.JMeterThread: Thread finished: Thread Group 1-4
2026-04-28 19:40:53,600 INFO o.a.j.t.JMeterThread: Thread started: Thread Group 1-5
2026-04-28 19:40:53,674 INFO o.a.j.t.JMeterThread: Thread is done: Thread Group 1-5
2026-04-28 19:40:53,674 INFO o.a.j.t.JMeterThread: Thread finished: Thread Group 1-5
2026-04-28 19:40:53,700 INFO o.a.j.t.JMeterThread: Thread started: Thread Group 1-6
2026-04-28 19:40:53,776 INFO o.a.j.t.JMeterThread: Thread is done: Thread Group 1-6
2026-04-28 19:40:53,776 INFO o.a.j.t.JMeterThread: Thread finished: Thread Group 1-6
2026-04-28 19:40:53,799 INFO o.a.j.t.JMeterThread: Thread started: Thread Group 1-7
2026-04-28 19:40:53,880 INFO o.a.j.t.JMeterThread: Thread is done: Thread Group 1-7
2026-04-28 19:40:53,880 INFO o.a.j.t.JMeterThread: Thread finished: Thread Group 1-7
2026-04-28 19:40:53,899 INFO o.a.j.t.JMeterThread: Thread started: Thread Group 1-8
2026-04-28 19:40:53,976 INFO o.a.j.t.JMeterThread: Thread is done: Thread Group 1-8
2026-04-28 19:40:53,976 INFO o.a.j.t.JMeterThread: Thread finished: Thread Group 1-8
2026-04-28 19:40:53,995 INFO o.a.j.t.JMeterThread: Thread started: Thread Group 1-9
2026-04-28 19:40:54,076 INFO o.a.j.t.JMeterThread: Thread is done: Thread Group 1-9
2026-04-28 19:40:54,076 INFO o.a.j.t.JMeterThread: Thread finished: Thread Group 1-9
2026-04-28 19:40:54,098 INFO o.a.j.t.JMeterThread: Thread started: Thread Group 1-10
2026-04-28 19:40:54,177 INFO o.a.j.t.JMeterThread: Thread is done: Thread Group 1-10
2026-04-28 19:40:54,177 INFO o.a.j.t.JMeterThread: Thread finished: Thread Group 1-10
2026-04-28 19:40:54,177 INFO o.a.j.e.StandardJMeterEngine: Notifying test listeners of end of test
2026-04-28 19:40:54,178 INFO o.a.j.r.Summariser: summary =     10 in 00:00:01 =   10.1/s Avg:    79 Min:    73 Max:    97 Err:     0 (0.00%)
